2023-06-12 21:21:47 error: [Cake\Http\Exception\MissingControllerException] Controller class Vendor could not be found. in C:\xampp\htdocs\school\vendor\cakephp\cakephp\src\Controller\ControllerFactory.php on line 348
Exception Attributes: array (
  'controller' => 'Vendor',
  'plugin' => NULL,
  'prefix' => NULL,
  '_ext' => NULL,
  'class' => 'Vendor',
)
Stack Trace:
- C:\xampp\htdocs\school\vendor\cakephp\cakephp\src\Controller\ControllerFactory.php:74
- C:\xampp\htdocs\school\vendor\cakephp\cakephp\src\Http\BaseApplication.php:318
- C:\xampp\htdocs\school\vendor\cakephp\cakephp\src\Http\Runner.php:86
- C:\xampp\htdocs\school\vendor\cakephp\cakephp\src\Http\Middleware\CsrfProtectionMiddleware.php:174
- C:\xampp\htdocs\school\vendor\cakephp\cakephp\src\Http\Runner.php:82
- C:\xampp\htdocs\school\vendor\cakephp\cakephp\src\Http\Middleware\BodyParserMiddleware.php:157
- C:\xampp\htdocs\school\vendor\cakephp\cakephp\src\Http\Runner.php:82
- C:\xampp\htdocs\school\vendor\cakephp\cakephp\src\Routing\Middleware\RoutingMiddleware.php:186
- C:\xampp\htdocs\school\vendor\cakephp\cakephp\src\Http\Runner.php:82
- C:\xampp\htdocs\school\vendor\cakephp\cakephp\src\Routing\Middleware\AssetMiddleware.php:77
- C:\xampp\htdocs\school\vendor\cakephp\cakephp\src\Http\Runner.php:82
- C:\xampp\htdocs\school\vendor\cakephp\cakephp\src\Error\Middleware\ErrorHandlerMiddleware.php:131
- C:\xampp\htdocs\school\vendor\cakephp\cakephp\src\Http\Runner.php:82
- C:\xampp\htdocs\school\vendor\cakephp\debug_kit\src\Middleware\DebugKitMiddleware.php:60
- C:\xampp\htdocs\school\vendor\cakephp\cakephp\src\Http\Runner.php:82
- C:\xampp\htdocs\school\vendor\cakephp\cakephp\src\Http\Runner.php:67
- C:\xampp\htdocs\school\vendor\cakephp\cakephp\src\Http\Server.php:90
- C:\xampp\htdocs\school\webroot\index.php:40

Request URL: /vendor/fontawesome-free/css/all.min.css
Referer URL: http://localhost:8765/students
2023-06-12 21:21:51 error: [Cake\Http\Exception\MissingControllerException] Controller class Vendor could not be found. in C:\xampp\htdocs\school\vendor\cakephp\cakephp\src\Controller\ControllerFactory.php on line 348
Exception Attributes: array (
  'controller' => 'Vendor',
  'plugin' => NULL,
  'prefix' => NULL,
  '_ext' => NULL,
  'class' => 'Vendor',
)
Stack Trace:
- C:\xampp\htdocs\school\vendor\cakephp\cakephp\src\Controller\ControllerFactory.php:74
- C:\xampp\htdocs\school\vendor\cakephp\cakephp\src\Http\BaseApplication.php:318
- C:\xampp\htdocs\school\vendor\cakephp\cakephp\src\Http\Runner.php:86
- C:\xampp\htdocs\school\vendor\cakephp\cakephp\src\Http\Middleware\CsrfProtectionMiddleware.php:174
- C:\xampp\htdocs\school\vendor\cakephp\cakephp\src\Http\Runner.php:82
- C:\xampp\htdocs\school\vendor\cakephp\cakephp\src\Http\Middleware\BodyParserMiddleware.php:157
- C:\xampp\htdocs\school\vendor\cakephp\cakephp\src\Http\Runner.php:82
- C:\xampp\htdocs\school\vendor\cakephp\cakephp\src\Routing\Middleware\RoutingMiddleware.php:186
- C:\xampp\htdocs\school\vendor\cakephp\cakephp\src\Http\Runner.php:82
- C:\xampp\htdocs\school\vendor\cakephp\cakephp\src\Routing\Middleware\AssetMiddleware.php:77
- C:\xampp\htdocs\school\vendor\cakephp\cakephp\src\Http\Runner.php:82
- C:\xampp\htdocs\school\vendor\cakephp\cakephp\src\Error\Middleware\ErrorHandlerMiddleware.php:131
- C:\xampp\htdocs\school\vendor\cakephp\cakephp\src\Http\Runner.php:82
- C:\xampp\htdocs\school\vendor\cakephp\debug_kit\src\Middleware\DebugKitMiddleware.php:60
- C:\xampp\htdocs\school\vendor\cakephp\cakephp\src\Http\Runner.php:82
- C:\xampp\htdocs\school\vendor\cakephp\cakephp\src\Http\Runner.php:67
- C:\xampp\htdocs\school\vendor\cakephp\cakephp\src\Http\Server.php:90
- C:\xampp\htdocs\school\webroot\index.php:40

Request URL: /vendor/fontawesome-free/css/all.min.css
Referer URL: http://localhost:8765/students
2023-06-12 21:21:55 error: [Cake\Http\Exception\MissingControllerException] Controller class Vendor could not be found. in C:\xampp\htdocs\school\vendor\cakephp\cakephp\src\Controller\ControllerFactory.php on line 348
Exception Attributes: array (
  'controller' => 'Vendor',
  'plugin' => NULL,
  'prefix' => NULL,
  '_ext' => NULL,
  'class' => 'Vendor',
)
Stack Trace:
- C:\xampp\htdocs\school\vendor\cakephp\cakephp\src\Controller\ControllerFactory.php:74
- C:\xampp\htdocs\school\vendor\cakephp\cakephp\src\Http\BaseApplication.php:318
- C:\xampp\htdocs\school\vendor\cakephp\cakephp\src\Http\Runner.php:86
- C:\xampp\htdocs\school\vendor\cakephp\cakephp\src\Http\Middleware\CsrfProtectionMiddleware.php:174
- C:\xampp\htdocs\school\vendor\cakephp\cakephp\src\Http\Runner.php:82
- C:\xampp\htdocs\school\vendor\cakephp\cakephp\src\Http\Middleware\BodyParserMiddleware.php:157
- C:\xampp\htdocs\school\vendor\cakephp\cakephp\src\Http\Runner.php:82
- C:\xampp\htdocs\school\vendor\cakephp\cakephp\src\Routing\Middleware\RoutingMiddleware.php:186
- C:\xampp\htdocs\school\vendor\cakephp\cakephp\src\Http\Runner.php:82
- C:\xampp\htdocs\school\vendor\cakephp\cakephp\src\Routing\Middleware\AssetMiddleware.php:77
- C:\xampp\htdocs\school\vendor\cakephp\cakephp\src\Http\Runner.php:82
- C:\xampp\htdocs\school\vendor\cakephp\cakephp\src\Error\Middleware\ErrorHandlerMiddleware.php:131
- C:\xampp\htdocs\school\vendor\cakephp\cakephp\src\Http\Runner.php:82
- C:\xampp\htdocs\school\vendor\cakephp\debug_kit\src\Middleware\DebugKitMiddleware.php:60
- C:\xampp\htdocs\school\vendor\cakephp\cakephp\src\Http\Runner.php:82
- C:\xampp\htdocs\school\vendor\cakephp\cakephp\src\Http\Runner.php:67
- C:\xampp\htdocs\school\vendor\cakephp\cakephp\src\Http\Server.php:90
- C:\xampp\htdocs\school\webroot\index.php:40

Request URL: /vendor/fontawesome-free/css/all.min.css
Referer URL: http://localhost:8765/school-classes
2023-06-12 21:21:59 error: [Cake\Http\Exception\MissingControllerException] Controller class Vendor could not be found. in C:\xampp\htdocs\school\vendor\cakephp\cakephp\src\Controller\ControllerFactory.php on line 348
Exception Attributes: array (
  'controller' => 'Vendor',
  'plugin' => NULL,
  'prefix' => NULL,
  '_ext' => NULL,
  'class' => 'Vendor',
)
Stack Trace:
- C:\xampp\htdocs\school\vendor\cakephp\cakephp\src\Controller\ControllerFactory.php:74
- C:\xampp\htdocs\school\vendor\cakephp\cakephp\src\Http\BaseApplication.php:318
- C:\xampp\htdocs\school\vendor\cakephp\cakephp\src\Http\Runner.php:86
- C:\xampp\htdocs\school\vendor\cakephp\cakephp\src\Http\Middleware\CsrfProtectionMiddleware.php:174
- C:\xampp\htdocs\school\vendor\cakephp\cakephp\src\Http\Runner.php:82
- C:\xampp\htdocs\school\vendor\cakephp\cakephp\src\Http\Middleware\BodyParserMiddleware.php:157
- C:\xampp\htdocs\school\vendor\cakephp\cakephp\src\Http\Runner.php:82
- C:\xampp\htdocs\school\vendor\cakephp\cakephp\src\Routing\Middleware\RoutingMiddleware.php:186
- C:\xampp\htdocs\school\vendor\cakephp\cakephp\src\Http\Runner.php:82
- C:\xampp\htdocs\school\vendor\cakephp\cakephp\src\Routing\Middleware\AssetMiddleware.php:77
- C:\xampp\htdocs\school\vendor\cakephp\cakephp\src\Http\Runner.php:82
- C:\xampp\htdocs\school\vendor\cakephp\cakephp\src\Error\Middleware\ErrorHandlerMiddleware.php:131
- C:\xampp\htdocs\school\vendor\cakephp\cakephp\src\Http\Runner.php:82
- C:\xampp\htdocs\school\vendor\cakephp\debug_kit\src\Middleware\DebugKitMiddleware.php:60
- C:\xampp\htdocs\school\vendor\cakephp\cakephp\src\Http\Runner.php:82
- C:\xampp\htdocs\school\vendor\cakephp\cakephp\src\Http\Runner.php:67
- C:\xampp\htdocs\school\vendor\cakephp\cakephp\src\Http\Server.php:90
- C:\xampp\htdocs\school\webroot\index.php:40

Request URL: /vendor/fontawesome-free/css/all.min.css
Referer URL: http://localhost:8765/school-classes/edit/2
2023-06-12 21:26:09 error: [Cake\Http\Exception\MissingControllerException] Controller class Vendor could not be found. in C:\xampp\htdocs\school\vendor\cakephp\cakephp\src\Controller\ControllerFactory.php on line 348
Exception Attributes: array (
  'controller' => 'Vendor',
  'plugin' => NULL,
  'prefix' => NULL,
  '_ext' => NULL,
  'class' => 'Vendor',
)
Stack Trace:
- C:\xampp\htdocs\school\vendor\cakephp\cakephp\src\Controller\ControllerFactory.php:74
- C:\xampp\htdocs\school\vendor\cakephp\cakephp\src\Http\BaseApplication.php:318
- C:\xampp\htdocs\school\vendor\cakephp\cakephp\src\Http\Runner.php:86
- C:\xampp\htdocs\school\vendor\cakephp\cakephp\src\Http\Middleware\CsrfProtectionMiddleware.php:174
- C:\xampp\htdocs\school\vendor\cakephp\cakephp\src\Http\Runner.php:82
- C:\xampp\htdocs\school\vendor\cakephp\cakephp\src\Http\Middleware\BodyParserMiddleware.php:157
- C:\xampp\htdocs\school\vendor\cakephp\cakephp\src\Http\Runner.php:82
- C:\xampp\htdocs\school\vendor\cakephp\cakephp\src\Routing\Middleware\RoutingMiddleware.php:186
- C:\xampp\htdocs\school\vendor\cakephp\cakephp\src\Http\Runner.php:82
- C:\xampp\htdocs\school\vendor\cakephp\cakephp\src\Routing\Middleware\AssetMiddleware.php:77
- C:\xampp\htdocs\school\vendor\cakephp\cakephp\src\Http\Runner.php:82
- C:\xampp\htdocs\school\vendor\cakephp\cakephp\src\Error\Middleware\ErrorHandlerMiddleware.php:131
- C:\xampp\htdocs\school\vendor\cakephp\cakephp\src\Http\Runner.php:82
- C:\xampp\htdocs\school\vendor\cakephp\debug_kit\src\Middleware\DebugKitMiddleware.php:60
- C:\xampp\htdocs\school\vendor\cakephp\cakephp\src\Http\Runner.php:82
- C:\xampp\htdocs\school\vendor\cakephp\cakephp\src\Http\Runner.php:67
- C:\xampp\htdocs\school\vendor\cakephp\cakephp\src\Http\Server.php:90
- C:\xampp\htdocs\school\webroot\index.php:40

Request URL: /vendor/fontawesome-free/css/all.min.css
Referer URL: http://localhost:8765/school-classes/edit/2
2023-06-12 21:26:45 error: [Cake\Http\Exception\MissingControllerException] Controller class Vendor could not be found. in C:\xampp\htdocs\school\vendor\cakephp\cakephp\src\Controller\ControllerFactory.php on line 348
Exception Attributes: array (
  'controller' => 'Vendor',
  'plugin' => NULL,
  'prefix' => NULL,
  '_ext' => NULL,
  'class' => 'Vendor',
)
Stack Trace:
- C:\xampp\htdocs\school\vendor\cakephp\cakephp\src\Controller\ControllerFactory.php:74
- C:\xampp\htdocs\school\vendor\cakephp\cakephp\src\Http\BaseApplication.php:318
- C:\xampp\htdocs\school\vendor\cakephp\cakephp\src\Http\Runner.php:86
- C:\xampp\htdocs\school\vendor\cakephp\cakephp\src\Http\Middleware\CsrfProtectionMiddleware.php:174
- C:\xampp\htdocs\school\vendor\cakephp\cakephp\src\Http\Runner.php:82
- C:\xampp\htdocs\school\vendor\cakephp\cakephp\src\Http\Middleware\BodyParserMiddleware.php:157
- C:\xampp\htdocs\school\vendor\cakephp\cakephp\src\Http\Runner.php:82
- C:\xampp\htdocs\school\vendor\cakephp\cakephp\src\Routing\Middleware\RoutingMiddleware.php:186
- C:\xampp\htdocs\school\vendor\cakephp\cakephp\src\Http\Runner.php:82
- C:\xampp\htdocs\school\vendor\cakephp\cakephp\src\Routing\Middleware\AssetMiddleware.php:77
- C:\xampp\htdocs\school\vendor\cakephp\cakephp\src\Http\Runner.php:82
- C:\xampp\htdocs\school\vendor\cakephp\cakephp\src\Error\Middleware\ErrorHandlerMiddleware.php:131
- C:\xampp\htdocs\school\vendor\cakephp\cakephp\src\Http\Runner.php:82
- C:\xampp\htdocs\school\vendor\cakephp\debug_kit\src\Middleware\DebugKitMiddleware.php:60
- C:\xampp\htdocs\school\vendor\cakephp\cakephp\src\Http\Runner.php:82
- C:\xampp\htdocs\school\vendor\cakephp\cakephp\src\Http\Runner.php:67
- C:\xampp\htdocs\school\vendor\cakephp\cakephp\src\Http\Server.php:90
- C:\xampp\htdocs\school\webroot\index.php:40

Request URL: /vendor/fontawesome-free/css/all.min.css
Referer URL: http://localhost:8765/school-classes/edit/2
2023-06-12 21:26:47 error: [Cake\Http\Exception\MissingControllerException] Controller class Vendor could not be found. in C:\xampp\htdocs\school\vendor\cakephp\cakephp\src\Controller\ControllerFactory.php on line 348
Exception Attributes: array (
  'controller' => 'Vendor',
  'plugin' => NULL,
  'prefix' => NULL,
  '_ext' => NULL,
  'class' => 'Vendor',
)
Stack Trace:
- C:\xampp\htdocs\school\vendor\cakephp\cakephp\src\Controller\ControllerFactory.php:74
- C:\xampp\htdocs\school\vendor\cakephp\cakephp\src\Http\BaseApplication.php:318
- C:\xampp\htdocs\school\vendor\cakephp\cakephp\src\Http\Runner.php:86
- C:\xampp\htdocs\school\vendor\cakephp\cakephp\src\Http\Middleware\CsrfProtectionMiddleware.php:174
- C:\xampp\htdocs\school\vendor\cakephp\cakephp\src\Http\Runner.php:82
- C:\xampp\htdocs\school\vendor\cakephp\cakephp\src\Http\Middleware\BodyParserMiddleware.php:157
- C:\xampp\htdocs\school\vendor\cakephp\cakephp\src\Http\Runner.php:82
- C:\xampp\htdocs\school\vendor\cakephp\cakephp\src\Routing\Middleware\RoutingMiddleware.php:186
- C:\xampp\htdocs\school\vendor\cakephp\cakephp\src\Http\Runner.php:82
- C:\xampp\htdocs\school\vendor\cakephp\cakephp\src\Routing\Middleware\AssetMiddleware.php:77
- C:\xampp\htdocs\school\vendor\cakephp\cakephp\src\Http\Runner.php:82
- C:\xampp\htdocs\school\vendor\cakephp\cakephp\src\Error\Middleware\ErrorHandlerMiddleware.php:131
- C:\xampp\htdocs\school\vendor\cakephp\cakephp\src\Http\Runner.php:82
- C:\xampp\htdocs\school\vendor\cakephp\debug_kit\src\Middleware\DebugKitMiddleware.php:60
- C:\xampp\htdocs\school\vendor\cakephp\cakephp\src\Http\Runner.php:82
- C:\xampp\htdocs\school\vendor\cakephp\cakephp\src\Http\Runner.php:67
- C:\xampp\htdocs\school\vendor\cakephp\cakephp\src\Http\Server.php:90
- C:\xampp\htdocs\school\webroot\index.php:40

Request URL: /vendor/fontawesome-free/css/all.min.css
Referer URL: http://localhost:8765/school-classes
2023-06-12 21:26:50 error: [Cake\Http\Exception\MissingControllerException] Controller class Vendor could not be found. in C:\xampp\htdocs\school\vendor\cakephp\cakephp\src\Controller\ControllerFactory.php on line 348
Exception Attributes: array (
  'controller' => 'Vendor',
  'plugin' => NULL,
  'prefix' => NULL,
  '_ext' => NULL,
  'class' => 'Vendor',
)
Stack Trace:
- C:\xampp\htdocs\school\vendor\cakephp\cakephp\src\Controller\ControllerFactory.php:74
- C:\xampp\htdocs\school\vendor\cakephp\cakephp\src\Http\BaseApplication.php:318
- C:\xampp\htdocs\school\vendor\cakephp\cakephp\src\Http\Runner.php:86
- C:\xampp\htdocs\school\vendor\cakephp\cakephp\src\Http\Middleware\CsrfProtectionMiddleware.php:174
- C:\xampp\htdocs\school\vendor\cakephp\cakephp\src\Http\Runner.php:82
- C:\xampp\htdocs\school\vendor\cakephp\cakephp\src\Http\Middleware\BodyParserMiddleware.php:157
- C:\xampp\htdocs\school\vendor\cakephp\cakephp\src\Http\Runner.php:82
- C:\xampp\htdocs\school\vendor\cakephp\cakephp\src\Routing\Middleware\RoutingMiddleware.php:186
- C:\xampp\htdocs\school\vendor\cakephp\cakephp\src\Http\Runner.php:82
- C:\xampp\htdocs\school\vendor\cakephp\cakephp\src\Routing\Middleware\AssetMiddleware.php:77
- C:\xampp\htdocs\school\vendor\cakephp\cakephp\src\Http\Runner.php:82
- C:\xampp\htdocs\school\vendor\cakephp\cakephp\src\Error\Middleware\ErrorHandlerMiddleware.php:131
- C:\xampp\htdocs\school\vendor\cakephp\cakephp\src\Http\Runner.php:82
- C:\xampp\htdocs\school\vendor\cakephp\debug_kit\src\Middleware\DebugKitMiddleware.php:60
- C:\xampp\htdocs\school\vendor\cakephp\cakephp\src\Http\Runner.php:82
- C:\xampp\htdocs\school\vendor\cakephp\cakephp\src\Http\Runner.php:67
- C:\xampp\htdocs\school\vendor\cakephp\cakephp\src\Http\Server.php:90
- C:\xampp\htdocs\school\webroot\index.php:40

Request URL: /vendor/fontawesome-free/css/all.min.css
Referer URL: http://localhost:8765/school-classes/add
2023-06-12 21:26:53 error: [Cake\Http\Exception\MissingControllerException] Controller class Vendor could not be found. in C:\xampp\htdocs\school\vendor\cakephp\cakephp\src\Controller\ControllerFactory.php on line 348
Exception Attributes: array (
  'controller' => 'Vendor',
  'plugin' => NULL,
  'prefix' => NULL,
  '_ext' => NULL,
  'class' => 'Vendor',
)
Stack Trace:
- C:\xampp\htdocs\school\vendor\cakephp\cakephp\src\Controller\ControllerFactory.php:74
- C:\xampp\htdocs\school\vendor\cakephp\cakephp\src\Http\BaseApplication.php:318
- C:\xampp\htdocs\school\vendor\cakephp\cakephp\src\Http\Runner.php:86
- C:\xampp\htdocs\school\vendor\cakephp\cakephp\src\Http\Middleware\CsrfProtectionMiddleware.php:174
- C:\xampp\htdocs\school\vendor\cakephp\cakephp\src\Http\Runner.php:82
- C:\xampp\htdocs\school\vendor\cakephp\cakephp\src\Http\Middleware\BodyParserMiddleware.php:157
- C:\xampp\htdocs\school\vendor\cakephp\cakephp\src\Http\Runner.php:82
- C:\xampp\htdocs\school\vendor\cakephp\cakephp\src\Routing\Middleware\RoutingMiddleware.php:186
- C:\xampp\htdocs\school\vendor\cakephp\cakephp\src\Http\Runner.php:82
- C:\xampp\htdocs\school\vendor\cakephp\cakephp\src\Routing\Middleware\AssetMiddleware.php:77
- C:\xampp\htdocs\school\vendor\cakephp\cakephp\src\Http\Runner.php:82
- C:\xampp\htdocs\school\vendor\cakephp\cakephp\src\Error\Middleware\ErrorHandlerMiddleware.php:131
- C:\xampp\htdocs\school\vendor\cakephp\cakephp\src\Http\Runner.php:82
- C:\xampp\htdocs\school\vendor\cakephp\debug_kit\src\Middleware\DebugKitMiddleware.php:60
- C:\xampp\htdocs\school\vendor\cakephp\cakephp\src\Http\Runner.php:82
- C:\xampp\htdocs\school\vendor\cakephp\cakephp\src\Http\Runner.php:67
- C:\xampp\htdocs\school\vendor\cakephp\cakephp\src\Http\Server.php:90
- C:\xampp\htdocs\school\webroot\index.php:40

Request URL: /vendor/fontawesome-free/css/all.min.css
Referer URL: http://localhost:8765/school-classes
2023-06-12 21:26:56 error: [Cake\Http\Exception\MissingControllerException] Controller class Vendor could not be found. in C:\xampp\htdocs\school\vendor\cakephp\cakephp\src\Controller\ControllerFactory.php on line 348
Exception Attributes: array (
  'controller' => 'Vendor',
  'plugin' => NULL,
  'prefix' => NULL,
  '_ext' => NULL,
  'class' => 'Vendor',
)
Stack Trace:
- C:\xampp\htdocs\school\vendor\cakephp\cakephp\src\Controller\ControllerFactory.php:74
- C:\xampp\htdocs\school\vendor\cakephp\cakephp\src\Http\BaseApplication.php:318
- C:\xampp\htdocs\school\vendor\cakephp\cakephp\src\Http\Runner.php:86
- C:\xampp\htdocs\school\vendor\cakephp\cakephp\src\Http\Middleware\CsrfProtectionMiddleware.php:174
- C:\xampp\htdocs\school\vendor\cakephp\cakephp\src\Http\Runner.php:82
- C:\xampp\htdocs\school\vendor\cakephp\cakephp\src\Http\Middleware\BodyParserMiddleware.php:157
- C:\xampp\htdocs\school\vendor\cakephp\cakephp\src\Http\Runner.php:82
- C:\xampp\htdocs\school\vendor\cakephp\cakephp\src\Routing\Middleware\RoutingMiddleware.php:186
- C:\xampp\htdocs\school\vendor\cakephp\cakephp\src\Http\Runner.php:82
- C:\xampp\htdocs\school\vendor\cakephp\cakephp\src\Routing\Middleware\AssetMiddleware.php:77
- C:\xampp\htdocs\school\vendor\cakephp\cakephp\src\Http\Runner.php:82
- C:\xampp\htdocs\school\vendor\cakephp\cakephp\src\Error\Middleware\ErrorHandlerMiddleware.php:131
- C:\xampp\htdocs\school\vendor\cakephp\cakephp\src\Http\Runner.php:82
- C:\xampp\htdocs\school\vendor\cakephp\debug_kit\src\Middleware\DebugKitMiddleware.php:60
- C:\xampp\htdocs\school\vendor\cakephp\cakephp\src\Http\Runner.php:82
- C:\xampp\htdocs\school\vendor\cakephp\cakephp\src\Http\Runner.php:67
- C:\xampp\htdocs\school\vendor\cakephp\cakephp\src\Http\Server.php:90
- C:\xampp\htdocs\school\webroot\index.php:40

Request URL: /vendor/fontawesome-free/css/all.min.css
Referer URL: http://localhost:8765/school-classes/edit/2
2023-06-12 21:30:12 error: [Cake\Http\Exception\MissingControllerException] Controller class Vendor could not be found. in C:\xampp\htdocs\school\vendor\cakephp\cakephp\src\Controller\ControllerFactory.php on line 348
Exception Attributes: array (
  'controller' => 'Vendor',
  'plugin' => NULL,
  'prefix' => NULL,
  '_ext' => NULL,
  'class' => 'Vendor',
)
Stack Trace:
- C:\xampp\htdocs\school\vendor\cakephp\cakephp\src\Controller\ControllerFactory.php:74
- C:\xampp\htdocs\school\vendor\cakephp\cakephp\src\Http\BaseApplication.php:318
- C:\xampp\htdocs\school\vendor\cakephp\cakephp\src\Http\Runner.php:86
- C:\xampp\htdocs\school\vendor\cakephp\cakephp\src\Http\Middleware\CsrfProtectionMiddleware.php:174
- C:\xampp\htdocs\school\vendor\cakephp\cakephp\src\Http\Runner.php:82
- C:\xampp\htdocs\school\vendor\cakephp\cakephp\src\Http\Middleware\BodyParserMiddleware.php:157
- C:\xampp\htdocs\school\vendor\cakephp\cakephp\src\Http\Runner.php:82
- C:\xampp\htdocs\school\vendor\cakephp\cakephp\src\Routing\Middleware\RoutingMiddleware.php:186
- C:\xampp\htdocs\school\vendor\cakephp\cakephp\src\Http\Runner.php:82
- C:\xampp\htdocs\school\vendor\cakephp\cakephp\src\Routing\Middleware\AssetMiddleware.php:77
- C:\xampp\htdocs\school\vendor\cakephp\cakephp\src\Http\Runner.php:82
- C:\xampp\htdocs\school\vendor\cakephp\cakephp\src\Error\Middleware\ErrorHandlerMiddleware.php:131
- C:\xampp\htdocs\school\vendor\cakephp\cakephp\src\Http\Runner.php:82
- C:\xampp\htdocs\school\vendor\cakephp\debug_kit\src\Middleware\DebugKitMiddleware.php:60
- C:\xampp\htdocs\school\vendor\cakephp\cakephp\src\Http\Runner.php:82
- C:\xampp\htdocs\school\vendor\cakephp\cakephp\src\Http\Runner.php:67
- C:\xampp\htdocs\school\vendor\cakephp\cakephp\src\Http\Server.php:90
- C:\xampp\htdocs\school\webroot\index.php:40

Request URL: /vendor/fontawesome-free/css/all.min.css
Referer URL: http://localhost:8765/school-classes/edit/2
2023-06-12 21:30:44 error: [Cake\Http\Exception\MissingControllerException] Controller class Vendor could not be found. in C:\xampp\htdocs\school\vendor\cakephp\cakephp\src\Controller\ControllerFactory.php on line 348
Exception Attributes: array (
  'controller' => 'Vendor',
  'plugin' => NULL,
  'prefix' => NULL,
  '_ext' => NULL,
  'class' => 'Vendor',
)
Stack Trace:
- C:\xampp\htdocs\school\vendor\cakephp\cakephp\src\Controller\ControllerFactory.php:74
- C:\xampp\htdocs\school\vendor\cakephp\cakephp\src\Http\BaseApplication.php:318
- C:\xampp\htdocs\school\vendor\cakephp\cakephp\src\Http\Runner.php:86
- C:\xampp\htdocs\school\vendor\cakephp\cakephp\src\Http\Middleware\CsrfProtectionMiddleware.php:174
- C:\xampp\htdocs\school\vendor\cakephp\cakephp\src\Http\Runner.php:82
- C:\xampp\htdocs\school\vendor\cakephp\cakephp\src\Http\Middleware\BodyParserMiddleware.php:157
- C:\xampp\htdocs\school\vendor\cakephp\cakephp\src\Http\Runner.php:82
- C:\xampp\htdocs\school\vendor\cakephp\cakephp\src\Routing\Middleware\RoutingMiddleware.php:186
- C:\xampp\htdocs\school\vendor\cakephp\cakephp\src\Http\Runner.php:82
- C:\xampp\htdocs\school\vendor\cakephp\cakephp\src\Routing\Middleware\AssetMiddleware.php:77
- C:\xampp\htdocs\school\vendor\cakephp\cakephp\src\Http\Runner.php:82
- C:\xampp\htdocs\school\vendor\cakephp\cakephp\src\Error\Middleware\ErrorHandlerMiddleware.php:131
- C:\xampp\htdocs\school\vendor\cakephp\cakephp\src\Http\Runner.php:82
- C:\xampp\htdocs\school\vendor\cakephp\debug_kit\src\Middleware\DebugKitMiddleware.php:60
- C:\xampp\htdocs\school\vendor\cakephp\cakephp\src\Http\Runner.php:82
- C:\xampp\htdocs\school\vendor\cakephp\cakephp\src\Http\Runner.php:67
- C:\xampp\htdocs\school\vendor\cakephp\cakephp\src\Http\Server.php:90
- C:\xampp\htdocs\school\webroot\index.php:40

Request URL: /vendor/fontawesome-free/css/all.min.css
Referer URL: http://localhost:8765/school-classes/edit/2
2023-06-12 21:34:22 error: [Cake\Http\Exception\MissingControllerException] Controller class Vendor could not be found. in C:\xampp\htdocs\school\vendor\cakephp\cakephp\src\Controller\ControllerFactory.php on line 348
Exception Attributes: array (
  'controller' => 'Vendor',
  'plugin' => NULL,
  'prefix' => NULL,
  '_ext' => NULL,
  'class' => 'Vendor',
)
Stack Trace:
- C:\xampp\htdocs\school\vendor\cakephp\cakephp\src\Controller\ControllerFactory.php:74
- C:\xampp\htdocs\school\vendor\cakephp\cakephp\src\Http\BaseApplication.php:318
- C:\xampp\htdocs\school\vendor\cakephp\cakephp\src\Http\Runner.php:86
- C:\xampp\htdocs\school\vendor\cakephp\cakephp\src\Http\Middleware\CsrfProtectionMiddleware.php:174
- C:\xampp\htdocs\school\vendor\cakephp\cakephp\src\Http\Runner.php:82
- C:\xampp\htdocs\school\vendor\cakephp\cakephp\src\Http\Middleware\BodyParserMiddleware.php:157
- C:\xampp\htdocs\school\vendor\cakephp\cakephp\src\Http\Runner.php:82
- C:\xampp\htdocs\school\vendor\cakephp\cakephp\src\Routing\Middleware\RoutingMiddleware.php:186
- C:\xampp\htdocs\school\vendor\cakephp\cakephp\src\Http\Runner.php:82
- C:\xampp\htdocs\school\vendor\cakephp\cakephp\src\Routing\Middleware\AssetMiddleware.php:77
- C:\xampp\htdocs\school\vendor\cakephp\cakephp\src\Http\Runner.php:82
- C:\xampp\htdocs\school\vendor\cakephp\cakephp\src\Error\Middleware\ErrorHandlerMiddleware.php:131
- C:\xampp\htdocs\school\vendor\cakephp\cakephp\src\Http\Runner.php:82
- C:\xampp\htdocs\school\vendor\cakephp\debug_kit\src\Middleware\DebugKitMiddleware.php:60
- C:\xampp\htdocs\school\vendor\cakephp\cakephp\src\Http\Runner.php:82
- C:\xampp\htdocs\school\vendor\cakephp\cakephp\src\Http\Runner.php:67
- C:\xampp\htdocs\school\vendor\cakephp\cakephp\src\Http\Server.php:90
- C:\xampp\htdocs\school\webroot\index.php:40

Request URL: /vendor/fontawesome-free/css/all.min.css
Referer URL: http://localhost:8765/school-classes/edit/2
2023-06-12 21:34:41 error: [Cake\Http\Exception\MissingControllerException] Controller class Vendor could not be found. in C:\xampp\htdocs\school\vendor\cakephp\cakephp\src\Controller\ControllerFactory.php on line 348
Exception Attributes: array (
  'controller' => 'Vendor',
  'plugin' => NULL,
  'prefix' => NULL,
  '_ext' => NULL,
  'class' => 'Vendor',
)
Stack Trace:
- C:\xampp\htdocs\school\vendor\cakephp\cakephp\src\Controller\ControllerFactory.php:74
- C:\xampp\htdocs\school\vendor\cakephp\cakephp\src\Http\BaseApplication.php:318
- C:\xampp\htdocs\school\vendor\cakephp\cakephp\src\Http\Runner.php:86
- C:\xampp\htdocs\school\vendor\cakephp\cakephp\src\Http\Middleware\CsrfProtectionMiddleware.php:174
- C:\xampp\htdocs\school\vendor\cakephp\cakephp\src\Http\Runner.php:82
- C:\xampp\htdocs\school\vendor\cakephp\cakephp\src\Http\Middleware\BodyParserMiddleware.php:157
- C:\xampp\htdocs\school\vendor\cakephp\cakephp\src\Http\Runner.php:82
- C:\xampp\htdocs\school\vendor\cakephp\cakephp\src\Routing\Middleware\RoutingMiddleware.php:186
- C:\xampp\htdocs\school\vendor\cakephp\cakephp\src\Http\Runner.php:82
- C:\xampp\htdocs\school\vendor\cakephp\cakephp\src\Routing\Middleware\AssetMiddleware.php:77
- C:\xampp\htdocs\school\vendor\cakephp\cakephp\src\Http\Runner.php:82
- C:\xampp\htdocs\school\vendor\cakephp\cakephp\src\Error\Middleware\ErrorHandlerMiddleware.php:131
- C:\xampp\htdocs\school\vendor\cakephp\cakephp\src\Http\Runner.php:82
- C:\xampp\htdocs\school\vendor\cakephp\debug_kit\src\Middleware\DebugKitMiddleware.php:60
- C:\xampp\htdocs\school\vendor\cakephp\cakephp\src\Http\Runner.php:82
- C:\xampp\htdocs\school\vendor\cakephp\cakephp\src\Http\Runner.php:67
- C:\xampp\htdocs\school\vendor\cakephp\cakephp\src\Http\Server.php:90
- C:\xampp\htdocs\school\webroot\index.php:40

Request URL: /vendor/fontawesome-free/css/all.min.css
Referer URL: http://localhost:8765/school-classes
2023-06-12 21:35:33 error: [Cake\Http\Exception\MissingControllerException] Controller class Vendor could not be found. in C:\xampp\htdocs\school\vendor\cakephp\cakephp\src\Controller\ControllerFactory.php on line 348
Exception Attributes: array (
  'controller' => 'Vendor',
  'plugin' => NULL,
  'prefix' => NULL,
  '_ext' => NULL,
  'class' => 'Vendor',
)
Stack Trace:
- C:\xampp\htdocs\school\vendor\cakephp\cakephp\src\Controller\ControllerFactory.php:74
- C:\xampp\htdocs\school\vendor\cakephp\cakephp\src\Http\BaseApplication.php:318
- C:\xampp\htdocs\school\vendor\cakephp\cakephp\src\Http\Runner.php:86
- C:\xampp\htdocs\school\vendor\cakephp\cakephp\src\Http\Middleware\CsrfProtectionMiddleware.php:174
- C:\xampp\htdocs\school\vendor\cakephp\cakephp\src\Http\Runner.php:82
- C:\xampp\htdocs\school\vendor\cakephp\cakephp\src\Http\Middleware\BodyParserMiddleware.php:157
- C:\xampp\htdocs\school\vendor\cakephp\cakephp\src\Http\Runner.php:82
- C:\xampp\htdocs\school\vendor\cakephp\cakephp\src\Routing\Middleware\RoutingMiddleware.php:186
- C:\xampp\htdocs\school\vendor\cakephp\cakephp\src\Http\Runner.php:82
- C:\xampp\htdocs\school\vendor\cakephp\cakephp\src\Routing\Middleware\AssetMiddleware.php:77
- C:\xampp\htdocs\school\vendor\cakephp\cakephp\src\Http\Runner.php:82
- C:\xampp\htdocs\school\vendor\cakephp\cakephp\src\Error\Middleware\ErrorHandlerMiddleware.php:131
- C:\xampp\htdocs\school\vendor\cakephp\cakephp\src\Http\Runner.php:82
- C:\xampp\htdocs\school\vendor\cakephp\debug_kit\src\Middleware\DebugKitMiddleware.php:60
- C:\xampp\htdocs\school\vendor\cakephp\cakephp\src\Http\Runner.php:82
- C:\xampp\htdocs\school\vendor\cakephp\cakephp\src\Http\Runner.php:67
- C:\xampp\htdocs\school\vendor\cakephp\cakephp\src\Http\Server.php:90
- C:\xampp\htdocs\school\webroot\index.php:40

Request URL: /vendor/fontawesome-free/css/all.min.css
Referer URL: http://localhost:8765/school-classes/edit/2
2023-06-12 21:35:44 error: [Cake\Http\Exception\MissingControllerException] Controller class Vendor could not be found. in C:\xampp\htdocs\school\vendor\cakephp\cakephp\src\Controller\ControllerFactory.php on line 348
Exception Attributes: array (
  'controller' => 'Vendor',
  'plugin' => NULL,
  'prefix' => NULL,
  '_ext' => NULL,
  'class' => 'Vendor',
)
Stack Trace:
- C:\xampp\htdocs\school\vendor\cakephp\cakephp\src\Controller\ControllerFactory.php:74
- C:\xampp\htdocs\school\vendor\cakephp\cakephp\src\Http\BaseApplication.php:318
- C:\xampp\htdocs\school\vendor\cakephp\cakephp\src\Http\Runner.php:86
- C:\xampp\htdocs\school\vendor\cakephp\cakephp\src\Http\Middleware\CsrfProtectionMiddleware.php:174
- C:\xampp\htdocs\school\vendor\cakephp\cakephp\src\Http\Runner.php:82
- C:\xampp\htdocs\school\vendor\cakephp\cakephp\src\Http\Middleware\BodyParserMiddleware.php:157
- C:\xampp\htdocs\school\vendor\cakephp\cakephp\src\Http\Runner.php:82
- C:\xampp\htdocs\school\vendor\cakephp\cakephp\src\Routing\Middleware\RoutingMiddleware.php:186
- C:\xampp\htdocs\school\vendor\cakephp\cakephp\src\Http\Runner.php:82
- C:\xampp\htdocs\school\vendor\cakephp\cakephp\src\Routing\Middleware\AssetMiddleware.php:77
- C:\xampp\htdocs\school\vendor\cakephp\cakephp\src\Http\Runner.php:82
- C:\xampp\htdocs\school\vendor\cakephp\cakephp\src\Error\Middleware\ErrorHandlerMiddleware.php:131
- C:\xampp\htdocs\school\vendor\cakephp\cakephp\src\Http\Runner.php:82
- C:\xampp\htdocs\school\vendor\cakephp\debug_kit\src\Middleware\DebugKitMiddleware.php:60
- C:\xampp\htdocs\school\vendor\cakephp\cakephp\src\Http\Runner.php:82
- C:\xampp\htdocs\school\vendor\cakephp\cakephp\src\Http\Runner.php:67
- C:\xampp\htdocs\school\vendor\cakephp\cakephp\src\Http\Server.php:90
- C:\xampp\htdocs\school\webroot\index.php:40

Request URL: /vendor/fontawesome-free/css/all.min.css
Referer URL: http://localhost:8765/school-classes
2023-06-12 21:35:46 error: [Cake\Http\Exception\MissingControllerException] Controller class Vendor could not be found. in C:\xampp\htdocs\school\vendor\cakephp\cakephp\src\Controller\ControllerFactory.php on line 348
Exception Attributes: array (
  'controller' => 'Vendor',
  'plugin' => NULL,
  'prefix' => NULL,
  '_ext' => NULL,
  'class' => 'Vendor',
)
Stack Trace:
- C:\xampp\htdocs\school\vendor\cakephp\cakephp\src\Controller\ControllerFactory.php:74
- C:\xampp\htdocs\school\vendor\cakephp\cakephp\src\Http\BaseApplication.php:318
- C:\xampp\htdocs\school\vendor\cakephp\cakephp\src\Http\Runner.php:86
- C:\xampp\htdocs\school\vendor\cakephp\cakephp\src\Http\Middleware\CsrfProtectionMiddleware.php:174
- C:\xampp\htdocs\school\vendor\cakephp\cakephp\src\Http\Runner.php:82
- C:\xampp\htdocs\school\vendor\cakephp\cakephp\src\Http\Middleware\BodyParserMiddleware.php:157
- C:\xampp\htdocs\school\vendor\cakephp\cakephp\src\Http\Runner.php:82
- C:\xampp\htdocs\school\vendor\cakephp\cakephp\src\Routing\Middleware\RoutingMiddleware.php:186
- C:\xampp\htdocs\school\vendor\cakephp\cakephp\src\Http\Runner.php:82
- C:\xampp\htdocs\school\vendor\cakephp\cakephp\src\Routing\Middleware\AssetMiddleware.php:77
- C:\xampp\htdocs\school\vendor\cakephp\cakephp\src\Http\Runner.php:82
- C:\xampp\htdocs\school\vendor\cakephp\cakephp\src\Error\Middleware\ErrorHandlerMiddleware.php:131
- C:\xampp\htdocs\school\vendor\cakephp\cakephp\src\Http\Runner.php:82
- C:\xampp\htdocs\school\vendor\cakephp\debug_kit\src\Middleware\DebugKitMiddleware.php:60
- C:\xampp\htdocs\school\vendor\cakephp\cakephp\src\Http\Runner.php:82
- C:\xampp\htdocs\school\vendor\cakephp\cakephp\src\Http\Runner.php:67
- C:\xampp\htdocs\school\vendor\cakephp\cakephp\src\Http\Server.php:90
- C:\xampp\htdocs\school\webroot\index.php:40

Request URL: /vendor/fontawesome-free/css/all.min.css
Referer URL: http://localhost:8765/teachers
